Sencha Cmd 7.5.0.5 - Crash report
================================================
An error occurred while executing the following command: -v

Diagnostic information:
=======================
                         app.archivePath : archive                                           
                      app.bootstrap.base : /home/aerozep/WebMappVenezia                      
                       app.bootstrap.css : bootstrap.css                                     
               app.bootstrap.microloader : bootstrap.js                                      
     app.builds.native.cordova.config.id : it.cittametropolitanavenezia.webpapermapp         
   app.builds.native.cordova.config.name : WebMapp Venezia                                   
app.builds.native.cordova.config.platforms : android                                           
              app.builds.native.packager : cordova                                           
                  app.builds.web.default : true                                              
                        app.cache.deltas : true                                              
                        app.cache.enable : false                                             
                           app.classpath : app                                               
                         app.classpath.0 : app                                               
                    app.classpath.length : 1                                                 
                          app.compressor : null                                              
                          app.config.dir : /home/aerozep/bin/Sencha/Cmd/7.5.0.5/ant/build/app
                app.cordova.cache.enable : false                                             
                   app.cordova.config.id : com.domain.WebMappVenezia                         
                 app.cordova.config.name : WebMappVenezia                                    
                 app.cordova.config.path : /home/aerozep/WebMappVenezia/cordova              
               app.cordova.config.target :                                                   
              app.cordova.config.verbose : false                                             
                   app.cordova.js.0.path : cordova.js                                        
               app.cordova.js.0.priority : 1000                                              
                 app.cordova.js.0.remote : true                                              
                   app.cordova.js.length : 1                                                 
                 app.cordova.microloader : /home/aerozep/bin/Sencha/Cmd/7.5.0.5/ant/build/app/Microloader.js
      app.cordova.output.appCache.enable : false                                             
                 app.cordova.output.base : /home/aerozep/WebMappVenezia/cordova/www          
             app.cordova.output.manifest : ${build.id}.json                                  
                 app.cordova.output.page : index.html                                        
             app.development.watch.delay : 250                                               
                                 app.dir : /home/aerozep/WebMappVenezia                      
              app.fashion.inliner.enable : false                                             
           app.fashion.missingParameters : error                                             
                           app.framework : ext                                               
                                  app.id : 1fb8274b-2e7e-4c5c-97bc-dad10fba695e              
                       app.indexHtmlPath : index.html                                        
                        app.loader.cache : false                                             
                   app.loader.cacheParam : _dc                                               
                                app.name : WebMappVenezia                                    
                           app.namespace : WebMappVenezia                                    
              app.output.appCache.enable : false                                             
                         app.output.base : /home/aerozep/WebMappVenezia/build/${build.environment}/WebMappVenezia
           app.output.microloader.enable : true                                              
                           app.overrides : overrides                                         
                         app.overrides.0 : overrides                                         
                    app.overrides.length : 1                                                 
               app.phonegap.cache.enable : false                                             
                  app.phonegap.config.id : com.domain.WebMappVenezia                         
                app.phonegap.config.name : WebMappVenezia                                    
                app.phonegap.config.path : /home/aerozep/WebMappVenezia/phonegap             
              app.phonegap.config.remote : false                                             
             app.phonegap.config.verbose : false                                             
                  app.phonegap.js.0.path : cordova.js                                        
              app.phonegap.js.0.priority : 1000                                              
                app.phonegap.js.0.remote : true                                              
                  app.phonegap.js.length : 1                                                 
                app.phonegap.microloader : /home/aerozep/bin/Sencha/Cmd/7.5.0.5/ant/build/app/Microloader.js
     app.phonegap.output.appCache.enable : false                                             
                app.phonegap.output.base : /home/aerozep/WebMappVenezia/phonegap/www         
            app.phonegap.output.manifest : ${build.id}.json                                  
                app.phonegap.output.page : index.html                                        
             app.production.cache.enable : true                                              
          app.production.compressor.type : yui                                               
             app.production.loader.cache : ${build.timestamp}                                
   app.production.output.appCache.enable : false                                             
     app.production.output.appCache.path : cache.appcache                                    
                        app.sass.dynamic : true                                              
                            app.sass.etc : sass/etc/all.scss                                 
                          app.sass.etc.0 : sass/etc/all.scss                                 
                     app.sass.etc.length : 1                                                 
                        app.sass.fashion : true                                              
                  app.sass.generated.src : sass/save                                         
                  app.sass.generated.var : sass/save.scss                                    
                      app.sass.namespace : WebMappVenezia                                    
                            app.sass.src : sass/src                                          
                          app.sass.src.0 : sass/src                                          
                     app.sass.src.length : 1                                                 
                            app.sass.var : sass/var/all.scss,sass/var                        
                          app.sass.var.0 : sass/var/all.scss                                 
                          app.sass.var.1 : sass/var                                          
                     app.sass.var.length : 2                                                 
                              app.slicer : null                                              
                               app.theme : theme-material                                    
                             app.toolkit : modern                                            
                             app.version : 1.0.0.0                                           
                    buildenvironment.dir : /home/aerozep/WebMappVenezia                      
               buildenvironment.load.dir : /home/aerozep/WebMappVenezia/cordova              
                          cmd.config.dir : /home/aerozep/bin/Sencha/Cmd/7.5.0.5              
                                 cmd.dir : /home/aerozep/bin/Sencha/Cmd/7.5.0.5              
                    cmd.framework.minver : 5.5.0                                             
                   cmd.framework.version : 99.99                                             
              cmd.merge.tool.args.araxis : -wait -merge -3 -a1 {base} {user} {generated} {out}
              cmd.merge.tool.args.kdiff3 : {base} {user} {generated} -o {out}                
             cmd.merge.tool.args.p4merge : {base} {user} {generated} {out}                   
           cmd.merge.tool.args.smartsync : {user} {generated} {base}                         
          cmd.merge.tool.args.sourcegear : --merge --result={out} {user} {base} {generated}  
            cmd.merge.tool.args.tortoise : -base:{base} -theirs:{generated} -mine:{user} -merged:{out}
                              cmd.minver : 3.0.0.0                                           
                            cmd.platform : linux-x64                                         
                     cmd.unicode.escapes : /home/aerozep/bin/Sencha/Cmd/7.5.0.5/unicode-escapes.json
                             cmd.version : 7.5.0.5                                           
                            cmd.web.port : 1841                                              
                     config.skipDownload : true                                              
                      config.skipInherit : false                                             
                        ext.license.name : commercial                                        
                     framework.build.dir : ${package.output.base}                            
                     framework.classpath : ${package.dir}/src                                
                    framework.cmd.minver : 7.5.0.5                                           
                   framework.cmd.version : 7.5.0.5                                           
                 framework.compatVersion : 7.5.0                                             
                    framework.config.dir : /home/aerozep/bin/Sencha/Cmd/7.5.0.5/plugins/ext/current
                       framework.creator : Sencha                                            
           framework.detailedDescription : Sencha Ext JS JavaScript Framework                
                           framework.dir : /home/aerozep/WebMappVenezia/ext                  
                  framework.example.apps : admin-dashboard,executive-dashboard,feed-viewer,kitchensink,calendar,classic/desktop,classic/ticket-app,classic/portal,classic/simple-tasks,classic/responsive-app,classic/aria,modern/addressbook,modern/blackberry,modern/energy,modern/stockapp,modern/states,modern/geocongress,modern/oreilly
                framework.example.apps.0 : admin-dashboard                                   
                framework.example.apps.1 : executive-dashboard                               
               framework.example.apps.10 : classic/aria                                      
               framework.example.apps.11 : modern/addressbook                                
               framework.example.apps.12 : modern/blackberry                                 
               framework.example.apps.13 : modern/energy                                     
               framework.example.apps.14 : modern/stockapp                                   
               framework.example.apps.15 : modern/states                                     
               framework.example.apps.16 : modern/geocongress                                
               framework.example.apps.17 : modern/oreilly                                    
                framework.example.apps.2 : feed-viewer                                       
                framework.example.apps.3 : kitchensink                                       
                framework.example.apps.4 : calendar                                          
                framework.example.apps.5 : classic/desktop                                   
                framework.example.apps.6 : classic/ticket-app                                
                framework.example.apps.7 : classic/portal                                    
                framework.example.apps.8 : classic/simple-tasks                              
                framework.example.apps.9 : classic/responsive-app                            
           framework.example.apps.length : 18                                                
                  framework.example.path : examples,templates                                
                framework.example.path.0 : examples                                          
                framework.example.path.1 : templates                                         
           framework.example.path.length : 2                                                 
                        framework.format : 1                                                 
                          framework.isV5 : true                                              
                          framework.isV6 : true                                              
                         framework.isV62 : true                                              
                         framework.isV65 : true                                              
     framework.language.js.input.version : ES5                                               
                          framework.name : ext                                               
                     framework.namespace : Ext                                               
                        framework.output : ${package.dir}/build                              
                     framework.overrides : ${package.dir}/overrides                          
                  framework.packages.dir : /home/aerozep/WebMappVenezia/ext/packages/,/home/aerozep/WebMappVenezia/ext/modern
                framework.resource.paths : resources                                         
              framework.resource.paths.0 : resources                                         
         framework.resource.paths.length : 1                                                 
                      framework.sass.etc : ${package.dir}/sass/etc/all.scss                  
                  framework.sass.fashion : true                                              
                framework.sass.namespace : Ext                                               
                      framework.sass.src : ${package.dir}/sass/src                           
                      framework.sass.var : ${package.dir}/sass/var                           
        framework.signatures.0.algorithm : SHA1withRSA                                       
          framework.signatures.0.created : 2021-11-19T16:15:41Z                              
             framework.signatures.0.name : Sencha                                            
            framework.signatures.0.nonce : 0JVM1KR/PPo=                                      
        framework.signatures.0.signature : BjTcdGHpGrLQb5o4lDUf0qG3xXrVvpNBJdu8Te7Dh5dOQc4DvEe6vuKgP8z/m40hIF9JD3ZUCLAX6256vGylsGIyTy1wOeKuNMnYzO+LufFPXl6oBPj67ImmUr14c5nnw2ybpecgXI9kloLpuM5irkTKciTs8cwKLxRHKm0f7bdgslZ+jQWXPWwpHB4lqa4bjtmSWIoriQgS9T7zior9Y7VI7BfTnRUvGMV4csBJghGbdOhltjjTktvxiWQpBm5c5kVN8vL9JV8ZSMhee055MYy5KDHkuBrLSDQ9zzWsS1oBrx31F825Wk7p1inW3XRgw1t5YXDUs9KbsU7+sRuL0w==
             framework.signatures.0.uuid : 1d6b0d9c-3333-4e65-885f-5b07a1fc3198              
             framework.signatures.length : 1                                                 
                   framework.subpkgs.dir : ${package.dir}                                    
              framework.subpkgs.packages : classic/classic,modern/modern,packages/charts,packages/amf,packages/soap,packages/ux,packages/google,packages/legacy,packages/font-awesome,packages/font-pictos,packages/font-ext
            framework.subpkgs.packages.0 : classic/classic                                   
            framework.subpkgs.packages.1 : modern/modern                                     
           framework.subpkgs.packages.10 : packages/font-ext                                 
            framework.subpkgs.packages.2 : packages/charts                                   
            framework.subpkgs.packages.3 : packages/amf                                      
            framework.subpkgs.packages.4 : packages/soap                                     
            framework.subpkgs.packages.5 : packages/ux                                       
            framework.subpkgs.packages.6 : packages/google                                   
            framework.subpkgs.packages.7 : packages/legacy                                   
            framework.subpkgs.packages.8 : packages/font-awesome                             
            framework.subpkgs.packages.9 : packages/font-pictos                              
       framework.subpkgs.packages.length : 11                                                
                       framework.summary : Ext JS                                            
                          framework.type : framework                                         
                       framework.version : 7.5.0.55                                          
                       inspector.address : http://localhost:1839/                            
                            minimal.mode : true                                              
                    package.sass.dynamic : true                                              
                          repo.local.dir : /home/aerozep/bin/Sencha/Cmd/repo                 
                       shared.sencha.dir : true                                              
        system.java.net.useSystemProxies : true                                              
                              theme.name : theme-material                                    
                            toolkit.name : modern                                            
                          workspace.apps :                                                   
                        workspace.apps.0 :                                                   
                   workspace.apps.length : 1                                                 
                     workspace.build.dir : /home/aerozep/WebMappVenezia/build                
                    workspace.config.dir : /home/aerozep/bin/Sencha/Cmd/7.5.0.5/ant/build/workspace
                           workspace.dir : /home/aerozep/WebMappVenezia                      
        workspace.frameworks.ext.package : ext@7.5.0.55                                      
           workspace.frameworks.ext.path : /home/aerozep/WebMappVenezia/ext                  
        workspace.frameworks.ext.version : 7.5.0.55                                          
                  workspace.packages.dir : /home/aerozep/WebMappVenezia/packages/local,/home/aerozep/WebMappVenezia/packages
              workspace.packages.extract : /home/aerozep/WebMappVenezia/packages/remote      

Exception information:
=======================
No such property : v
     at com.sencha.cli.AbstractCommand$Properties.getProperty(AbstractCommand.java:444)
     at com.sencha.cli.AbstractCommand.parseConfigParam(AbstractCommand.java:468)
     at com.sencha.cli.AbstractCommand.processConfigParam(AbstractCommand.java:518)
     at com.sencha.cli.AbstractCommand.configure(AbstractCommand.java:114)
     at com.sencha.command.Sencha.main(Sencha.java:135)
     at java.base/jdk.internal.reflect.NativeMethodAccessorImpl.invoke0(Native Method)
     at java.base/jdk.internal.reflect.NativeMethodAccessorImpl.invoke(NativeMethodAccessorImpl.java:62)
     at java.base/jdk.internal.reflect.DelegatingMethodAccessorImpl.invoke(DelegatingMethodAccessorImpl.java:43)
     at java.base/java.lang.reflect.Method.invoke(Method.java:566)
     at com.exe4j.runtime.LauncherEngine.launch(LauncherEngine.java:84)
     at com.install4j.runtime.launcher.UnixLauncher.start(UnixLauncher.java:66)
     at install4j.com.sencha.command.Sencha.main(Unknown Source)

